<?xml version="1.0" encoding="UTF-8"?>
<beans xmlns="http://www.springframework.org/schema/beans"
  xmlns:xsi="http://www.w3.org/2001/XMLSchema-instance"
  xmlns:context="http://www.springframework.org/schema/context"
  xmlns:util="http://www.springframework.org/schema/util"
  xsi:schemaLocation="http://www.springframework.org/schema/beans
http://www.springframework.org/schema/beans/spring-beans.xsd 
http://www.springframework.org/schema/aop 
http://www.springframework.org/schema/aop/spring-aop.xsd
http://www.springframework.org/schema/jee 
http://www.springframework.org/schema/jee/spring-jee.xsd  
http://www.springframework.org/schema/tx 
http://www.springframework.org/schema/tx/spring-tx.xsd
http://www.springframework.org/schema/util 
http://www.springframework.org/schema/util/spring-util.xsd
http://www.springframework.org/schema/context
http://www.springframework.org/schema/context/spring-context.xsd">

	<bean id="entityManagerFactory" class="org.springframework.orm.jpa.LocalContainerEntityManagerFactoryBean">
		<property name="persistenceUnitName" value="resam" />
		<property name="dataSource" ref="dataSource" />
		<property name="jpaVendorAdapter">
			<bean class="org.springframework.orm.jpa.vendor.HibernateJpaVendorAdapter">
				<property name="databasePlatform" value="org.hibernate.dialect.H2Dialect"/>
				<property name="showSql" value="false" />
				<property name="generateDdl" value="true"/>
			</bean>
		</property>
	</bean>
		
	<bean id="dataSource"
		class="org.springframework.jdbc.datasource.DriverManagerDataSource">
		<property name="driverClassName" value="org.h2.Driver" />
		<property name="url"
			value="jdbc:h2:mem:h2//resam;INIT=RUNSCRIPT FROM 'classpath:META-INF/h2/h2baseline/V1_0_0_0__baseline.sql';MODE=MYSQL;DB_CLOSE_DELAY=-1;DB_CLOSE_ON_EXIT=FALSE" />
		<property name="username" value="sa" />
		<property name="password" value="" />
	</bean>
	
	 <util:properties id="hibernateProperties" location="classpath:/test.hibernate.properties"/>
	
	<!-- <bean id="flyway" class="com.googlecode.flyway.core.Flyway" init-method="migrate">
		<property name="dataSource" ref="dataSource"/>
		<property name ="basePackage" value="com.talentica.migrationh2" />
		<property name="baseDir" value="META-INF/h2/h2dbscript"/>
	</bean> -->
</beans>